<?xml version="1.0" encoding="UTF-8"?>
<!-- Generated by org.testng.reporters.JUnitXMLReporter -->
<testsuite ignored="0" hostname="DESKTOP-UO1OTNH" failures="0" tests="4" name="Default test" time="5.699" errors="0" timestamp="2025-03-17T15:09:14 IST">
  <testcase classname="tests.All_Test" name="GetMethod" time="3.838"/>
  <testcase classname="tests.All_Test" name="PostMethod" time="0.702"/>
  <testcase classname="tests.All_Test" name="deleteMethod" time="0.496"/>
  <testcase classname="tests.All_Test" name="putMethod" time="0.493"/>
</testsuite> <!-- Default test -->
