<?xml version="1.0" encoding="UTF-8"?>
<testng-results ignored="0" total="1" passed="1" failed="0" skipped="0">
  <reporter-output>
  </reporter-output>
  <suite started-at="2025-03-16T13:57:20 IST" name="Default suite" finished-at="2025-03-16T13:57:23 IST" duration-ms="3477">
    <groups>
    </groups>
    <test started-at="2025-03-16T13:57:20 IST" name="Default test" finished-at="2025-03-16T13:57:23 IST" duration-ms="3477">
      <class name="tests.UserTests">
        <test-method is-config="true" signature="setup()[pri:0, instance:tests.UserTests@1151e434]" started-at="2025-03-16T13:57:20 IST" name="setup" finished-at="2025-03-16T13:57:20 IST" duration-ms="549" status="PASS">
          <reporter-output>
          </reporter-output>
        </test-method> <!-- setup -->
        <test-method signature="testGetUser()[pri:0, instance:tests.UserTests@1151e434]" started-at="2025-03-16T13:57:20 IST" name="testGetUser" finished-at="2025-03-16T13:57:23 IST" duration-ms="2866" status="PASS">
          <reporter-output>
          </reporter-output>
        </test-method> <!-- testGetUser -->
      </class> <!-- tests.UserTests -->
    </test> <!-- Default test -->
  </suite> <!-- Default suite -->
</testng-results>
